1                                                          The SAS System                               13:33 Monday, March 12, 2018

1          ;*';*";*/;quit;run;
2          OPTIONS PAGENO=MIN;
3          %LET _CLIENTTASKLABEL='List Data';
4          %LET _CLIENTPROCESSFLOWNAME='Process Flow';
5          %LET _CLIENTPROJECTPATH='';
6          %LET _CLIENTPROJECTPATHHOST='';
7          %LET _CLIENTPROJECTNAME='';
8          
9          ODS _ALL_ CLOSE;
10         ODS PROCTITLE;
11         OPTIONS DEV=PNG;
12         GOPTIONS XPIXELS=0 YPIXELS=0;
13         FILENAME EGHTML TEMP;
14         ODS HTML(ID=EGHTML) FILE=EGHTML
15             ENCODING='utf-8'
16             STYLE=HTMLBlue
17             STYLESHEET=(URL="file:///C:/Program%20Files%20(x86)/SASHome/x86/SASEnterpriseGuide/7.1/Styles/HTMLBlue.css")
18             NOGTITLE
19             NOGFOOTNOTE
20             GPATH=&sasworklocation
21         ;
NOTE: Writing HTML(EGHTML) Body file: EGHTML
22         FILENAME EGSR TEMP;
23         ODS tagsets.sasreport13(ID=EGSR) FILE=EGSR
24             STYLE=HTMLBlue
25             STYLESHEET=(URL="file:///C:/Program%20Files%20(x86)/SASHome/x86/SASEnterpriseGuide/7.1/Styles/HTMLBlue.css")
26             NOGTITLE
27             NOGFOOTNOTE
28             GPATH=&sasworklocation
29             ENCODING=UTF8
30             options(rolap="on")
31         ;
NOTE: Writing TAGSETS.SASREPORT13(EGSR) Body file: EGSR
32         
33         GOPTIONS ACCESSIBLE;
34         /* -------------------------------------------------------------------
35            Code generated by SAS Task
36         
37            Generated on: Monday, March 12, 2018 at 1:35:59 PM
38            By task: List Data
39         
40            Input Data: SASApp:SASHELP.CLASS
41            Server:  SASApp
42            ------------------------------------------------------------------- */
43         
44         %_eg_conditional_dropds(WORK.SORTTempTableSorted);
45         /* -------------------------------------------------------------------
46            Sort data set SASApp:SASHELP.CLASS
47            ------------------------------------------------------------------- */
48         
49         PROC SQL;
50         	CREATE VIEW WORK.SORTTempTableSorted AS
51         		SELECT T.Name, T.Sex, T.Age, T.Height, T.Weight
52         	FROM SASHELP.CLASS as T
53         ;
NOTE: SQL view WORK.SORTTEMPTABLESORTED has been defined.
54         QUIT;
NOTE: PROCEDURE SQL used (Total process time):
2                                                          The SAS System                               13:33 Monday, March 12, 2018

      real time           0.00 seconds
      cpu time            0.01 seconds
      

55         TITLE;
56         TITLE1 "Report Listing";
57         FOOTNOTE;
58         FOOTNOTE1 "Generated by the SAS System (&_SASSERVERNAME, &SYSSCPL) on %TRIM(%QSYSFUNC(DATE(), NLDATE20.)) at
58       ! %TRIM(%SYSFUNC(TIME(), TIMEAMPM12.))";
59         
60         PROC PRINT DATA=WORK.SORTTempTableSorted
61         	OBS="Row number"
62         	LABEL
63         	;
64         	VAR Name Sex Age Height Weight;
65         RUN;

NOTE: There were 19 observations read from the data set SASHELP.CLASS.
NOTE: There were 19 observations read from the data set WORK.SORTTEMPTABLESORTED.
NOTE: PROCEDURE PRINT used (Total process time):
      real time           0.04 seconds
      cpu time            0.01 seconds
      

66         /* -------------------------------------------------------------------
67            End of task code
68            ------------------------------------------------------------------- */
69         RUN; QUIT;
70         %_eg_conditional_dropds(WORK.SORTTempTableSorted);
NOTE: View WORK.SORTTEMPTABLESORTED has been dropped.
NOTE: PROCEDURE SQL used (Total process time):
      real time           0.00 seconds
      cpu time            0.00 seconds
      

71         TITLE; FOOTNOTE;
72         
73         
74         GOPTIONS NOACCESSIBLE;
75         %LET _CLIENTTASKLABEL=;
76         %LET _CLIENTPROCESSFLOWNAME=;
77         %LET _CLIENTPROJECTPATH=;
78         %LET _CLIENTPROJECTPATHHOST=;
79         %LET _CLIENTPROJECTNAME=;
80         
81         ;*';*";*/;quit;run;
82         ODS _ALL_ CLOSE;
83         
84         
85         QUIT; RUN;
86         
